# JRE version: Java(TM) SE Runtime Environment (8.0_261-b12) (build 1.8.0_261-b12)
# Java VM: Java HotSpot(TM) 64-Bit Server VM (25.261-b12 mixed mode windows-amd64 compressed oops)
Heap:
 PSYoungGen      total 141824K, used 43618K [0x00000000d5580000, 0x00000000dea80000, 0x0000000100000000)
  eden space 131072K, 33% used [0x00000000d5580000,0x00000000d80189c0,0x00000000dd580000)
  from space 10752K, 0% used [0x00000000dd580000,0x00000000dd580000,0x00000000de000000)
  to   space 10752K, 0% used [0x00000000de000000,0x00000000de000000,0x00000000dea80000)
 ParOldGen       total 175104K, used 7574K [0x0000000080000000, 0x000000008ab00000, 0x00000000d5580000)
  object space 175104K, 4% used [0x0000000080000000,0x0000000080765988,0x000000008ab00000)
 Metaspace       used 29884K, capacity 30638K, committed 30976K, reserved 1077248K
  class space    used 4081K, capacity 4260K, committed 4352K, reserved 1048576K
GC Heap History (10 events):
Event: 8.278 GC heap before
{Heap before GC invocations=11 (full 4):
 PSYoungGen      total 141824K, used 1040K [0x00000000d5580000, 0x00000000dea80000, 0x0000000100000000)
  eden space 131072K, 0% used [0x00000000d5580000,0x00000000d5580000,0x00000000dd580000)
  from space 10752K, 9% used [0x00000000dd580000,0x00000000dd684160,0x00000000de000000)
  to   space 10752K, 0% used [0x00000000de000000,0x00000000de000000,0x00000000dea80000)
 ParOldGen       total 175104K, used 8022K [0x0000000080000000, 0x000000008ab00000, 0x00000000d5580000)
  object space 175104K, 4% used [0x0000000080000000,0x00000000807d5828,0x000000008ab00000)
 Metaspace       used 26474K, capacity 27134K, committed 27264K, reserved 1077248K
  class space    used 3730K, capacity 3897K, committed 3968K, reserved 1048576K
Event: 8.333 GC heap after
Heap after GC invocations=11 (full 4):
 PSYoungGen      total 141824K, used 0K [0x00000000d5580000, 0x00000000dea80000, 0x0000000100000000)
  eden space 131072K, 0% used [0x00000000d5580000,0x00000000d5580000,0x00000000dd580000)
  from space 10752K, 0% used [0x00000000dd580000,0x00000000dd580000,0x00000000de000000)
  to   space 10752K, 0% used [0x00000000de000000,0x00000000de000000,0x00000000dea80000)
 ParOldGen       total 175104K, used 8944K [0x0000000080000000, 0x000000008ab00000, 0x00000000d5580000)
  object space 175104K, 5% used [0x0000000080000000,0x00000000808bc1a0,0x000000008ab00000)
 Metaspace       used 26474K, capacity 27134K, committed 27264K, reserved 1075200K
  class space    used 3730K, capacity 3897K, committed 3968K, reserved 1048576K
}
Event: 8.334 GC heap before
{Heap before GC invocations=12 (full 4):
 PSYoungGen      total 141824K, used 0K [0x00000000d5580000, 0x00000000dea80000, 0x0000000100000000)
  eden space 131072K, 0% used [0x00000000d5580000,0x00000000d5580020,0x00000000dd580000)
  from space 10752K, 0% used [0x00000000dd580000,0x00000000dd580000,0x00000000de000000)
  to   space 10752K, 0% used [0x00000000de000000,0x00000000de000000,0x00000000dea80000)
 ParOldGen       total 175104K, used 8944K [0x0000000080000000, 0x000000008ab00000, 0x00000000d5580000)
  object space 175104K, 5% used [0x0000000080000000,0x00000000808bc1a0,0x000000008ab00000)
 Metaspace       used 26474K, capacity 27134K, committed 27264K, reserved 1079296K
  class space    used 3730K, capacity 3897K, committed 3968K, reserved 1048576K
Event: 8.336 GC heap after
Heap after GC invocations=12 (full 4):
 PSYoungGen      total 141824K, used 32K [0x00000000d5580000, 0x00000000dea80000, 0x0000000100000000)
  eden space 131072K, 0% used [0x00000000d5580000,0x00000000d5580000,0x00000000dd580000)
  from space 10752K, 0% used [0x00000000de000000,0x00000000de008000,0x00000000dea80000)
  to   space 10752K, 0% used [0x00000000dd580000,0x00000000dd580000,0x00000000de000000)
 ParOldGen       total 175104K, used 8944K [0x0000000080000000, 0x000000008ab00000, 0x00000000d5580000)
  object space 175104K, 5% used [0x0000000080000000,0x00000000808bc1a0,0x000000008ab00000)
 Metaspace       used 26474K, capacity 27134K, committed 27264K, reserved 1079296K
  class space    used 3730K, capacity 3897K, committed 3968K, reserved 1048576K
}
Event: 8.336 GC heap before
{Heap before GC invocations=13 (full 5):
 PSYoungGen      total 141824K, used 32K [0x00000000d5580000, 0x00000000dea80000, 0x0000000100000000)
  eden space 131072K, 0% used [0x00000000d5580000,0x00000000d5580000,0x00000000dd580000)
  from space 10752K, 0% used [0x00000000de000000,0x00000000de008000,0x00000000dea80000)
  to   space 10752K, 0% used [0x00000000dd580000,0x00000000dd580000,0x00000000de000000)
 ParOldGen       total 175104K, used 8944K [0x0000000080000000, 0x000000008ab00000, 0x00000000d5580000)
  object space 175104K, 5% used [0x0000000080000000,0x00000000808bc1a0,0x000000008ab00000)
 Metaspace       used 26474K, capacity 27134K, committed 27264K, reserved 1079296K
  class space    used 3730K, capacity 3897K, committed 3968K, reserved 1048576K
Event: 8.380 GC heap after
Heap after GC invocations=13 (full 5):
 PSYoungGen      total 141824K, used 0K [0x00000000d5580000, 0x00000000dea80000, 0x0000000100000000)
  eden space 131072K, 0% used [0x00000000d5580000,0x00000000d5580000,0x00000000dd580000)
  from space 10752K, 0% used [0x00000000de000000,0x00000000de000000,0x00000000dea80000)
  to   space 10752K, 0% used [0x00000000dd580000,0x00000000dd580000,0x00000000de000000)
 ParOldGen       total 175104K, used 8728K [0x0000000080000000, 0x000000008ab00000, 0x00000000d5580000)
  object space 175104K, 4% used [0x0000000080000000,0x0000000080886358,0x000000008ab00000)
 Metaspace       used 26474K, capacity 27134K, committed 27264K, reserved 1075200K
  class space    used 3730K, capacity 3897K, committed 3968K, reserved 1048576K
}
Event: 8.381 GC heap before
{Heap before GC invocations=14 (full 5):
 PSYoungGen      total 141824K, used 0K [0x00000000d5580000, 0x00000000dea80000, 0x0000000100000000)
  eden space 131072K, 0% used [0x00000000d5580000,0x00000000d5580000,0x00000000dd580000)
  from space 10752K, 0% used [0x00000000de000000,0x00000000de000000,0x00000000dea80000)
  to   space 10752K, 0% used [0x00000000dd580000,0x00000000dd580000,0x00000000de000000)
 ParOldGen       total 175104K, used 8728K [0x0000000080000000, 0x000000008ab00000, 0x00000000d5580000)
  object space 175104K, 4% used [0x0000000080000000,0x0000000080886358,0x000000008ab00000)
 Metaspace       used 26474K, capacity 27134K, committed 27264K, reserved 1079296K
  class space    used 3730K, capacity 3897K, committed 3968K, reserved 1048576K
Event: 8.391 GC heap after
Heap after GC invocations=14 (full 5):
 PSYoungGen      total 141824K, used 0K [0x00000000d5580000, 0x00000000dea80000, 0x0000000100000000)
  eden space 131072K, 0% used [0x00000000d5580000,0x00000000d5580000,0x00000000dd580000)
  from space 10752K, 0% used [0x00000000dd580000,0x00000000dd580000,0x00000000de000000)
  to   space 10752K, 0% used [0x00000000de000000,0x00000000de000000,0x00000000dea80000)
 ParOldGen       total 175104K, used 8728K [0x0000000080000000, 0x000000008ab00000, 0x00000000d5580000)
  object space 175104K, 4% used [0x0000000080000000,0x0000000080886358,0x000000008ab00000)
 Metaspace       used 26474K, capacity 27134K, committed 27264K, reserved 1079296K
  class space    used 3730K, capacity 3897K, committed 3968K, reserved 1048576K
}
Event: 8.391 GC heap before
{Heap before GC invocations=15 (full 6):
 PSYoungGen      total 141824K, used 0K [0x00000000d5580000, 0x00000000dea80000, 0x0000000100000000)
  eden space 131072K, 0% used [0x00000000d5580000,0x00000000d5580000,0x00000000dd580000)
  from space 10752K, 0% used [0x00000000dd580000,0x00000000dd580000,0x00000000de000000)
  to   space 10752K, 0% used [0x00000000de000000,0x00000000de000000,0x00000000dea80000)
 ParOldGen       total 175104K, used 8728K [0x0000000080000000, 0x000000008ab00000, 0x00000000d5580000)
  object space 175104K, 4% used [0x0000000080000000,0x0000000080886358,0x000000008ab00000)
 Metaspace       used 26474K, capacity 27134K, committed 27264K, reserved 1079296K
  class space    used 3730K, capacity 3897K, committed 3968K, reserved 1048576K
Event: 8.550 GC heap after
Heap after GC invocations=15 (full 6):
 PSYoungGen      total 141824K, used 0K [0x00000000d5580000, 0x00000000dea80000, 0x0000000100000000)
  eden space 131072K, 0% used [0x00000000d5580000,0x00000000d5580000,0x00000000dd580000)
  from space 10752K, 0% used [0x00000000dd580000,0x00000000dd580000,0x00000000de000000)
  to   space 10752K, 0% used [0x00000000de000000,0x00000000de000000,0x00000000dea80000)
 ParOldGen       total 175104K, used 7574K [0x0000000080000000, 0x000000008ab00000, 0x00000000d5580000)
  object space 175104K, 4% used [0x0000000080000000,0x0000000080765988,0x000000008ab00000)
 Metaspace       used 26423K, capacity 27034K, committed 27264K, reserved 1075200K
  class space    used 3712K, capacity 3863K, committed 3968K, reserved 1048576K
}

